<?xml version="1.0" encoding="UTF-8"?>
<!-- Generated by org.testng.reporters.JUnitReportReporter -->
<testsuite skipped="1" hostname="Deepaks-MacBook-Pro.local" name="automationFramework.RandomTest" tests="5" failures="0" timestamp="2020-04-10T18:17:18 EDT" time="0.005" errors="0">
  <testcase name="test3" time="0.001" classname="automationFramework.RandomTest"/>
  <system-out/>
  <testcase name="test4" time="0.001" classname="automationFramework.RandomTest"/>
  <system-out/>
  <testcase name="test1" time="0.001" classname="automationFramework.RandomTest"/>
  <system-out/>
  <testcase name="test5" time="0.002" classname="automationFramework.RandomTest"/>
  <system-out/>
  <testcase name="test2" classname="automationFramework.RandomTest">
    <skipped/>
  </testcase> <!-- test2 -->
  <system-out/>
</testsuite> <!-- automationFramework.RandomTest -->
